==WARNING== Could not deploy stock section files to "/ccs/home/rcaddy/Documents/NVIDIA Nsight Compute/2021.1.0/Sections".
==WARNING== Using "/autofs/nccs-svm1_sw/summit/nsight-compute/2021.1.0/target/linux-desktop-glibc_2_19_0-ppc64le/../../sections" instead.
==WARNING== See https://docs.nvidia.com/nsight-compute/ProfilingGuide/index.html#faq.
==PROF== Connected to process 63909 (/autofs/nccs-svm1_home1/rcaddy/Learning-Cpp-CUDA/CUDA Class/03-CUDA-Optimization-Part1/hw3/vector_add.exe)
==PROF== Profiling "vadd" - 1: 0%....50%....100% - 20 passes
==PROF== Disconnected from process 63909
A[0] = 0.840188
B[0] = 0.394383
C[0] = 1.234571
[63909] vector_add.exe@127.0.0.1
  vadd(float const*, float const*, float*, int), 2021-Jun-11 14:07:15, Context 1, Stream 7
    Section: GPU Speed Of Light
    ---------------------------------------------------------------------- --------------- ------------------------------
    DRAM Frequency                                                           cycle/usecond                         876.50
    SM Frequency                                                             cycle/nsecond                           1.31
    Elapsed Cycles                                                                   cycle                       19908164
    Memory [%]                                                                           %                           2.94
    SOL DRAM                                                                             %                           2.94
    Duration                                                                       msecond                          15.18
    SOL L1/TEX Cache                                                                     %                          42.10
    SOL L2 Cache                                                                         %                           1.02
    SM Active Cycles                                                                 cycle                      249088.80
    SM [%]                                                                               %                           0.20
    ---------------------------------------------------------------------- --------------- ------------------------------
    WRN   This kernel grid is too small to fill the available resources on this device, resulting in only 0.0 full      
          waves across all SMs. Look at Launch Statistics for more details.                                             

    Section: Memory Workload Analysis
    ---------------------------------------------------------------------- --------------- ------------------------------
    Memory Throughput                                                         Gbyte/second                          26.37
    Mem Busy                                                                             %                           1.02
    Max Bandwidth                                                                        %                           2.94
    L1/TEX Hit Rate                                                                      %                              0
    L2 Hit Rate                                                                          %                          33.33
    Mem Pipes Busy                                                                       %                           0.20
    ---------------------------------------------------------------------- --------------- ------------------------------

